<?xml version="1.0" encoding="UTF-8"?>
<!-- Generated by org.testng.reporters.JUnitReportReporter -->
<testsuite ignored="0" hostname="LAPTOP-NQ82QS3H" failures="0" tests="1" name="pck_002_TestNG.Class_002_TestNG" time="6.885" errors="0" timestamp="27 jul 2023 08:24:30 GMT" skipped="0">
  <testcase classname="pck_002_TestNG.Class_002_TestNG" name="f" time="6.885"/>
</testsuite> <!-- pck_002_TestNG.Class_002_TestNG -->
